<?xml version='1.0' encoding='UTF-8'?>
<testsuite hostname="Darren" name="sutd.compiler.simp.TestLexer" tests="3" errors="0" failures="0" skipped="0" time="1.383" timestamp="2025-11-10T20:04:44">
          <properties>
[...]
</properties>
          <testcase classname="sutd.compiler.simp.TestLexer" name="test lexer: lexing y = 1; x = x + 1;" time="1.259">
                      
                    </testcase><testcase classname="sutd.compiler.simp.TestLexer" name="test lexer: lexing y = input;" time="0.002">
                      
                    </testcase><testcase classname="sutd.compiler.simp.TestLexer" name="test lexer: lexing 
            x = input;
            s = 0;
            c = 0;
            while c &lt; x {
                s = c + s;
                c = c + 1;
            }
            return s;" time="0.122">
                      
                    </testcase>
          <system-out><![CDATA[]]></system-out>
          <system-err><![CDATA[]]></system-err>
        </testsuite>